# JRE version: Java(TM) SE Runtime Environment (8.0_144-b01) (build 1.8.0_144-b01)
# Java VM: Java HotSpot(TM) 64-Bit Server VM (25.144-b01 mixed mode windows-amd64 compressed oops)
Heap:
 PSYoungGen      total 317952K, used 109833K [0x00000000eab00000, 0x0000000100000000, 0x0000000100000000)
  eden space 292864K, 29% used [0x00000000eab00000,0x00000000efe625d8,0x00000000fc900000)
  from space 25088K, 97% used [0x00000000fe780000,0x00000000fff60100,0x0000000100000000)
  to   space 28160K, 0% used [0x00000000fc900000,0x00000000fc900000,0x00000000fe480000)
 ParOldGen       total 175104K, used 30849K [0x00000000c0000000, 0x00000000cab00000, 0x00000000eab00000)
  object space 175104K, 17% used [0x00000000c0000000,0x00000000c1e20690,0x00000000cab00000)
 Metaspace       used 37425K, capacity 38394K, committed 38528K, reserved 1083392K
  class space    used 4452K, capacity 4655K, committed 4736K, reserved 1048576K
GC Heap History (10 events):
Event: 17.872 GC heap before
{Heap before GC invocations=8 (full 1):
 PSYoungGen      total 212480K, used 207904K [0x00000000eab00000, 0x00000000f8800000, 0x0000000100000000)
  eden space 199168K, 100% used [0x00000000eab00000,0x00000000f6d80000,0x00000000f6d80000)
  from space 13312K, 65% used [0x00000000f7a00000,0x00000000f8288000,0x00000000f8700000)
  to   space 12800K, 0% used [0x00000000f6d80000,0x00000000f6d80000,0x00000000f7a00000)
 ParOldGen       total 175104K, used 11489K [0x00000000c0000000, 0x00000000cab00000, 0x00000000eab00000)
  object space 175104K, 6% used [0x00000000c0000000,0x00000000c0b38450,0x00000000cab00000)
 Metaspace       used 30697K, capacity 31378K, committed 31488K, reserved 1077248K
  class space    used 3903K, capacity 4057K, committed 4096K, reserved 1048576K
Event: 17.928 GC heap after
Heap after GC invocations=8 (full 1):
 PSYoungGen      total 211968K, used 12768K [0x00000000eab00000, 0x0000000100000000, 0x0000000100000000)
  eden space 199168K, 0% used [0x00000000eab00000,0x00000000eab00000,0x00000000f6d80000)
  from space 12800K, 99% used [0x00000000f6d80000,0x00000000f79f8070,0x00000000f7a00000)
  to   space 23040K, 0% used [0x00000000fe980000,0x00000000fe980000,0x0000000100000000)
 ParOldGen       total 175104K, used 29501K [0x00000000c0000000, 0x00000000cab00000, 0x00000000eab00000)
  object space 175104K, 16% used [0x00000000c0000000,0x00000000c1ccf400,0x00000000cab00000)
 Metaspace       used 30697K, capacity 31378K, committed 31488K, reserved 1077248K
  class space    used 3903K, capacity 4057K, committed 4096K, reserved 1048576K
}
Event: 63.838 GC heap before
{Heap before GC invocations=9 (full 1):
 PSYoungGen      total 211968K, used 122025K [0x00000000eab00000, 0x0000000100000000, 0x0000000100000000)
  eden space 199168K, 54% used [0x00000000eab00000,0x00000000f15b26d8,0x00000000f6d80000)
  from space 12800K, 99% used [0x00000000f6d80000,0x00000000f79f8070,0x00000000f7a00000)
  to   space 23040K, 0% used [0x00000000fe980000,0x00000000fe980000,0x0000000100000000)
 ParOldGen       total 175104K, used 29501K [0x00000000c0000000, 0x00000000cab00000, 0x00000000eab00000)
  object space 175104K, 16% used [0x00000000c0000000,0x00000000c1ccf400,0x00000000cab00000)
 Metaspace       used 34507K, capacity 35320K, committed 35416K, reserved 1081344K
  class space    used 4344K, capacity 4526K, committed 4608K, reserved 1048576K
Event: 63.896 GC heap after
Heap after GC invocations=9 (full 1):
 PSYoungGen      total 324096K, used 18234K [0x00000000eab00000, 0x0000000100000000, 0x0000000100000000)
  eden space 301056K, 0% used [0x00000000eab00000,0x00000000eab00000,0x00000000fd100000)
  from space 23040K, 79% used [0x00000000fe980000,0x00000000ffb4ebf8,0x0000000100000000)
  to   space 24064K, 0% used [0x00000000fd100000,0x00000000fd100000,0x00000000fe880000)
 ParOldGen       total 175104K, used 32885K [0x00000000c0000000, 0x00000000cab00000, 0x00000000eab00000)
  object space 175104K, 18% used [0x00000000c0000000,0x00000000c201d400,0x00000000cab00000)
 Metaspace       used 34507K, capacity 35320K, committed 35416K, reserved 1081344K
  class space    used 4344K, capacity 4526K, committed 4608K, reserved 1048576K
}
Event: 63.896 GC heap before
{Heap before GC invocations=10 (full 2):
 PSYoungGen      total 324096K, used 18234K [0x00000000eab00000, 0x0000000100000000, 0x0000000100000000)
  eden space 301056K, 0% used [0x00000000eab00000,0x00000000eab00000,0x00000000fd100000)
  from space 23040K, 79% used [0x00000000fe980000,0x00000000ffb4ebf8,0x0000000100000000)
  to   space 24064K, 0% used [0x00000000fd100000,0x00000000fd100000,0x00000000fe880000)
 ParOldGen       total 175104K, used 32885K [0x00000000c0000000, 0x00000000cab00000, 0x00000000eab00000)
  object space 175104K, 18% used [0x00000000c0000000,0x00000000c201d400,0x00000000cab00000)
 Metaspace       used 34507K, capacity 35320K, committed 35416K, reserved 1081344K
  class space    used 4344K, capacity 4526K, committed 4608K, reserved 1048576K
Event: 64.059 GC heap after
Heap after GC invocations=10 (full 2):
 PSYoungGen      total 324096K, used 0K [0x00000000eab00000, 0x0000000100000000, 0x0000000100000000)
  eden space 301056K, 0% used [0x00000000eab00000,0x00000000eab00000,0x00000000fd100000)
  from space 23040K, 0% used [0x00000000fe980000,0x00000000fe980000,0x0000000100000000)
  to   space 24064K, 0% used [0x00000000fd100000,0x00000000fd100000,0x00000000fe880000)
 ParOldGen       total 175104K, used 30833K [0x00000000c0000000, 0x00000000cab00000, 0x00000000eab00000)
  object space 175104K, 17% used [0x00000000c0000000,0x00000000c1e1c690,0x00000000cab00000)
 Metaspace       used 34503K, capacity 35314K, committed 35416K, reserved 1081344K
  class space    used 4344K, capacity 4525K, committed 4608K, reserved 1048576K
}
Event: 132.688 GC heap before
{Heap before GC invocations=11 (full 2):
 PSYoungGen      total 324096K, used 301056K [0x00000000eab00000, 0x0000000100000000, 0x0000000100000000)
  eden space 301056K, 100% used [0x00000000eab00000,0x00000000fd100000,0x00000000fd100000)
  from space 23040K, 0% used [0x00000000fe980000,0x00000000fe980000,0x0000000100000000)
  to   space 24064K, 0% used [0x00000000fd100000,0x00000000fd100000,0x00000000fe880000)
 ParOldGen       total 175104K, used 30833K [0x00000000c0000000, 0x00000000cab00000, 0x00000000eab00000)
  object space 175104K, 17% used [0x00000000c0000000,0x00000000c1e1c690,0x00000000cab00000)
 Metaspace       used 36812K, capacity 37758K, committed 38016K, reserved 1083392K
  class space    used 4440K, capacity 4623K, committed 4736K, reserved 1048576K
Event: 132.734 GC heap after
Heap after GC invocations=11 (full 2):
 PSYoungGen      total 320000K, used 18597K [0x00000000eab00000, 0x0000000100000000, 0x0000000100000000)
  eden space 301056K, 0% used [0x00000000eab00000,0x00000000eab00000,0x00000000fd100000)
  from space 18944K, 98% used [0x00000000fd100000,0x00000000fe3297b8,0x00000000fe380000)
  to   space 25088K, 0% used [0x00000000fe780000,0x00000000fe780000,0x0000000100000000)
 ParOldGen       total 175104K, used 30841K [0x00000000c0000000, 0x00000000cab00000, 0x00000000eab00000)
  object space 175104K, 17% used [0x00000000c0000000,0x00000000c1e1e690,0x00000000cab00000)
 Metaspace       used 36812K, capacity 37758K, committed 38016K, reserved 1083392K
  class space    used 4440K, capacity 4623K, committed 4736K, reserved 1048576K
}
Event: 483.010 GC heap before
{Heap before GC invocations=12 (full 2):
 PSYoungGen      total 320000K, used 319377K [0x00000000eab00000, 0x0000000100000000, 0x0000000100000000)
  eden space 301056K, 99% used [0x00000000eab00000,0x00000000fd0bae38,0x00000000fd100000)
  from space 18944K, 98% used [0x00000000fd100000,0x00000000fe3297b8,0x00000000fe380000)
  to   space 25088K, 0% used [0x00000000fe780000,0x00000000fe780000,0x0000000100000000)
 ParOldGen       total 175104K, used 30841K [0x00000000c0000000, 0x00000000cab00000, 0x00000000eab00000)
  object space 175104K, 17% used [0x00000000c0000000,0x00000000c1e1e690,0x00000000cab00000)
 Metaspace       used 37358K, capacity 38318K, committed 38528K, reserved 1083392K
  class space    used 4447K, capacity 4655K, committed 4736K, reserved 1048576K
Event: 483.160 GC heap after
Heap after GC invocations=12 (full 2):
 PSYoungGen      total 317952K, used 24448K [0x00000000eab00000, 0x0000000100000000, 0x0000000100000000)
  eden space 292864K, 0% used [0x00000000eab00000,0x00000000eab00000,0x00000000fc900000)
  from space 25088K, 97% used [0x00000000fe780000,0x00000000fff60100,0x0000000100000000)
  to   space 28160K, 0% used [0x00000000fc900000,0x00000000fc900000,0x00000000fe480000)
 ParOldGen       total 175104K, used 30849K [0x00000000c0000000, 0x00000000cab00000, 0x00000000eab00000)
  object space 175104K, 17% used [0x00000000c0000000,0x00000000c1e20690,0x00000000cab00000)
 Metaspace       used 37358K, capacity 38318K, committed 38528K, reserved 1083392K
  class space    used 4447K, capacity 4655K, committed 4736K, reserved 1048576K
}

