# JRE version: Java(TM) SE Runtime Environment (8.0_144-b01) (build 1.8.0_144-b01)
# Java VM: Java HotSpot(TM) 64-Bit Server VM (25.144-b01 mixed mode windows-amd64 compressed oops)
Heap:
 PSYoungGen      total 326144K, used 66011K [0x00000000eab00000, 0x0000000100000000, 0x0000000100000000)
  eden space 303104K, 14% used [0x00000000eab00000,0x00000000ed519028,0x00000000fd300000)
  from space 23040K, 99% used [0x00000000fd300000,0x00000000fe95df50,0x00000000fe980000)
  to   space 23040K, 0% used [0x00000000fe980000,0x00000000fe980000,0x0000000100000000)
 ParOldGen       total 175104K, used 29733K [0x00000000c0000000, 0x00000000cab00000, 0x00000000eab00000)
  object space 175104K, 16% used [0x00000000c0000000,0x00000000c1d095c0,0x00000000cab00000)
 Metaspace       used 36945K, capacity 37900K, committed 38016K, reserved 1083392K
  class space    used 4456K, capacity 4660K, committed 4736K, reserved 1048576K
GC Heap History (10 events):
Event: 10.877 GC heap before
{Heap before GC invocations=7 (full 1):
 PSYoungGen      total 116736K, used 116704K [0x00000000eab00000, 0x00000000f8d00000, 0x0000000100000000)
  eden space 105984K, 100% used [0x00000000eab00000,0x00000000f1280000,0x00000000f1280000)
  from space 10752K, 99% used [0x00000000f1280000,0x00000000f1cf8010,0x00000000f1d00000)
  to   space 14336K, 0% used [0x00000000f7f00000,0x00000000f7f00000,0x00000000f8d00000)
 ParOldGen       total 175104K, used 9528K [0x00000000c0000000, 0x00000000cab00000, 0x00000000eab00000)
  object space 175104K, 5% used [0x00000000c0000000,0x00000000c094e200,0x00000000cab00000)
 Metaspace       used 22861K, capacity 23212K, committed 23296K, reserved 1069056K
  class space    used 2927K, capacity 3032K, committed 3072K, reserved 1048576K
Event: 10.905 GC heap after
Heap after GC invocations=7 (full 1):
 PSYoungGen      total 217600K, used 10752K [0x00000000eab00000, 0x00000000f8d00000, 0x0000000100000000)
  eden space 203264K, 0% used [0x00000000eab00000,0x00000000eab00000,0x00000000f7180000)
  from space 14336K, 75% used [0x00000000f7f00000,0x00000000f8980010,0x00000000f8d00000)
  to   space 13824K, 0% used [0x00000000f7180000,0x00000000f7180000,0x00000000f7f00000)
 ParOldGen       total 175104K, used 9528K [0x00000000c0000000, 0x00000000cab00000, 0x00000000eab00000)
  object space 175104K, 5% used [0x00000000c0000000,0x00000000c094e200,0x00000000cab00000)
 Metaspace       used 22861K, capacity 23212K, committed 23296K, reserved 1069056K
  class space    used 2927K, capacity 3032K, committed 3072K, reserved 1048576K
}
Event: 17.270 GC heap before
{Heap before GC invocations=8 (full 1):
 PSYoungGen      total 217600K, used 214016K [0x00000000eab00000, 0x00000000f8d00000, 0x0000000100000000)
  eden space 203264K, 100% used [0x00000000eab00000,0x00000000f7180000,0x00000000f7180000)
  from space 14336K, 75% used [0x00000000f7f00000,0x00000000f8980010,0x00000000f8d00000)
  to   space 13824K, 0% used [0x00000000f7180000,0x00000000f7180000,0x00000000f7f00000)
 ParOldGen       total 175104K, used 9528K [0x00000000c0000000, 0x00000000cab00000, 0x00000000eab00000)
  object space 175104K, 5% used [0x00000000c0000000,0x00000000c094e200,0x00000000cab00000)
 Metaspace       used 30891K, capacity 31588K, committed 31872K, reserved 1077248K
  class space    used 3925K, capacity 4100K, committed 4224K, reserved 1048576K
Event: 17.300 GC heap after
Heap after GC invocations=8 (full 1):
 PSYoungGen      total 217088K, used 13812K [0x00000000eab00000, 0x0000000100000000, 0x0000000100000000)
  eden space 203264K, 0% used [0x00000000eab00000,0x00000000eab00000,0x00000000f7180000)
  from space 13824K, 99% used [0x00000000f7180000,0x00000000f7efd0f0,0x00000000f7f00000)
  to   space 20992K, 0% used [0x00000000feb80000,0x00000000feb80000,0x0000000100000000)
 ParOldGen       total 175104K, used 21254K [0x00000000c0000000, 0x00000000cab00000, 0x00000000eab00000)
  object space 175104K, 12% used [0x00000000c0000000,0x00000000c14c1a38,0x00000000cab00000)
 Metaspace       used 30891K, capacity 31588K, committed 31872K, reserved 1077248K
  class space    used 3925K, capacity 4100K, committed 4224K, reserved 1048576K
}
Event: 77.876 GC heap before
{Heap before GC invocations=9 (full 1):
 PSYoungGen      total 217088K, used 118383K [0x00000000eab00000, 0x0000000100000000, 0x0000000100000000)
  eden space 203264K, 51% used [0x00000000eab00000,0x00000000f111eda0,0x00000000f7180000)
  from space 13824K, 99% used [0x00000000f7180000,0x00000000f7efd0f0,0x00000000f7f00000)
  to   space 20992K, 0% used [0x00000000feb80000,0x00000000feb80000,0x0000000100000000)
 ParOldGen       total 175104K, used 21254K [0x00000000c0000000, 0x00000000cab00000, 0x00000000eab00000)
  object space 175104K, 12% used [0x00000000c0000000,0x00000000c14c1a38,0x00000000cab00000)
 Metaspace       used 34425K, capacity 35252K, committed 35416K, reserved 1081344K
  class space    used 4342K, capacity 4524K, committed 4608K, reserved 1048576K
Event: 78.150 GC heap after
Heap after GC invocations=9 (full 1):
 PSYoungGen      total 324096K, used 18900K [0x00000000eab00000, 0x0000000100000000, 0x0000000100000000)
  eden space 303104K, 0% used [0x00000000eab00000,0x00000000eab00000,0x00000000fd300000)
  from space 20992K, 90% used [0x00000000feb80000,0x00000000ffdf5200,0x0000000100000000)
  to   space 23040K, 0% used [0x00000000fd300000,0x00000000fd300000,0x00000000fe980000)
 ParOldGen       total 175104K, used 23846K [0x00000000c0000000, 0x00000000cab00000, 0x00000000eab00000)
  object space 175104K, 13% used [0x00000000c0000000,0x00000000c1749a38,0x00000000cab00000)
 Metaspace       used 34425K, capacity 35252K, committed 35416K, reserved 1081344K
  class space    used 4342K, capacity 4524K, committed 4608K, reserved 1048576K
}
Event: 78.150 GC heap before
{Heap before GC invocations=10 (full 2):
 PSYoungGen      total 324096K, used 18900K [0x00000000eab00000, 0x0000000100000000, 0x0000000100000000)
  eden space 303104K, 0% used [0x00000000eab00000,0x00000000eab00000,0x00000000fd300000)
  from space 20992K, 90% used [0x00000000feb80000,0x00000000ffdf5200,0x0000000100000000)
  to   space 23040K, 0% used [0x00000000fd300000,0x00000000fd300000,0x00000000fe980000)
 ParOldGen       total 175104K, used 23846K [0x00000000c0000000, 0x00000000cab00000, 0x00000000eab00000)
  object space 175104K, 13% used [0x00000000c0000000,0x00000000c1749a38,0x00000000cab00000)
 Metaspace       used 34425K, capacity 35252K, committed 35416K, reserved 1081344K
  class space    used 4342K, capacity 4524K, committed 4608K, reserved 1048576K
Event: 78.638 GC heap after
Heap after GC invocations=10 (full 2):
 PSYoungGen      total 324096K, used 0K [0x00000000eab00000, 0x0000000100000000, 0x0000000100000000)
  eden space 303104K, 0% used [0x00000000eab00000,0x00000000eab00000,0x00000000fd300000)
  from space 20992K, 0% used [0x00000000feb80000,0x00000000feb80000,0x0000000100000000)
  to   space 23040K, 0% used [0x00000000fd300000,0x00000000fd300000,0x00000000fe980000)
 ParOldGen       total 175104K, used 29725K [0x00000000c0000000, 0x00000000cab00000, 0x00000000eab00000)
  object space 175104K, 16% used [0x00000000c0000000,0x00000000c1d075c0,0x00000000cab00000)
 Metaspace       used 34425K, capacity 35252K, committed 35416K, reserved 1081344K
  class space    used 4342K, capacity 4524K, committed 4608K, reserved 1048576K
}
Event: 145.514 GC heap before
{Heap before GC invocations=11 (full 2):
 PSYoungGen      total 324096K, used 303104K [0x00000000eab00000, 0x0000000100000000, 0x0000000100000000)
  eden space 303104K, 100% used [0x00000000eab00000,0x00000000fd300000,0x00000000fd300000)
  from space 20992K, 0% used [0x00000000feb80000,0x00000000feb80000,0x0000000100000000)
  to   space 23040K, 0% used [0x00000000fd300000,0x00000000fd300000,0x00000000fe980000)
 ParOldGen       total 175104K, used 29725K [0x00000000c0000000, 0x00000000cab00000, 0x00000000eab00000)
  object space 175104K, 16% used [0x00000000c0000000,0x00000000c1d075c0,0x00000000cab00000)
 Metaspace       used 36901K, capacity 37900K, committed 38016K, reserved 1083392K
  class space    used 4452K, capacity 4660K, committed 4736K, reserved 1048576K
Event: 145.573 GC heap after
Heap after GC invocations=11 (full 2):
 PSYoungGen      total 326144K, used 22903K [0x00000000eab00000, 0x0000000100000000, 0x0000000100000000)
  eden space 303104K, 0% used [0x00000000eab00000,0x00000000eab00000,0x00000000fd300000)
  from space 23040K, 99% used [0x00000000fd300000,0x00000000fe95df50,0x00000000fe980000)
  to   space 23040K, 0% used [0x00000000fe980000,0x00000000fe980000,0x0000000100000000)
 ParOldGen       total 175104K, used 29733K [0x00000000c0000000, 0x00000000cab00000, 0x00000000eab00000)
  object space 175104K, 16% used [0x00000000c0000000,0x00000000c1d095c0,0x00000000cab00000)
 Metaspace       used 36901K, capacity 37900K, committed 38016K, reserved 1083392K
  class space    used 4452K, capacity 4660K, committed 4736K, reserved 1048576K
}

