# JRE version: Java(TM) SE Runtime Environment (8.0_144-b01) (build 1.8.0_144-b01)
# Java VM: Java HotSpot(TM) 64-Bit Server VM (25.144-b01 mixed mode windows-amd64 compressed oops)
Heap:
 PSYoungGen      total 457216K, used 83120K [0x00000000d5c00000, 0x00000000f5100000, 0x0000000100000000)
  eden space 401408K, 9% used [0x00000000d5c00000,0x00000000d8268778,0x00000000ee400000)
  from space 55808K, 78% used [0x00000000ee400000,0x00000000f0ec3b60,0x00000000f1a80000)
  to   space 42496K, 0% used [0x00000000f2780000,0x00000000f2780000,0x00000000f5100000)
 ParOldGen       total 308224K, used 84359K [0x0000000081400000, 0x0000000094100000, 0x00000000d5c00000)
  object space 308224K, 27% used [0x0000000081400000,0x0000000086661ce0,0x0000000094100000)
 Metaspace       used 209223K, capacity 211644K, committed 212480K, reserved 1232896K
  class space    used 29017K, capacity 29651K, committed 29696K, reserved 1048576K
GC Heap History (10 events):
Event: 130.673 GC heap before
{Heap before GC invocations=22 (full 4):
 PSYoungGen      total 357888K, used 352616K [0x00000000d5c00000, 0x00000000f1380000, 0x0000000100000000)
  eden space 313344K, 100% used [0x00000000d5c00000,0x00000000e8e00000,0x00000000e8e00000)
  from space 44544K, 88% used [0x00000000e8e00000,0x00000000eb45a168,0x00000000eb980000)
  to   space 49664K, 0% used [0x00000000ee300000,0x00000000ee300000,0x00000000f1380000)
 ParOldGen       total 252928K, used 64956K [0x0000000081400000, 0x0000000090b00000, 0x00000000d5c00000)
  object space 252928K, 25% used [0x0000000081400000,0x000000008536f0d8,0x0000000090b00000)
 Metaspace       used 159241K, capacity 161040K, committed 161664K, reserved 1187840K
  class space    used 21912K, capacity 22394K, committed 22400K, reserved 1048576K
Event: 130.943 GC heap after
Heap after GC invocations=22 (full 4):
 PSYoungGen      total 394240K, used 45487K [0x00000000d5c00000, 0x00000000f1e80000, 0x0000000100000000)
  eden space 344576K, 0% used [0x00000000d5c00000,0x00000000d5c00000,0x00000000eac80000)
  from space 49664K, 91% used [0x00000000ee300000,0x00000000f0f6bf58,0x00000000f1380000)
  to   space 55808K, 0% used [0x00000000eac80000,0x00000000eac80000,0x00000000ee300000)
 ParOldGen       total 252928K, used 64956K [0x0000000081400000, 0x0000000090b00000, 0x00000000d5c00000)
  object space 252928K, 25% used [0x0000000081400000,0x000000008536f0d8,0x0000000090b00000)
 Metaspace       used 159241K, capacity 161040K, committed 161664K, reserved 1187840K
  class space    used 21912K, capacity 22394K, committed 22400K, reserved 1048576K
}
Event: 131.732 GC heap before
{Heap before GC invocations=23 (full 4):
 PSYoungGen      total 394240K, used 78128K [0x00000000d5c00000, 0x00000000f1e80000, 0x0000000100000000)
  eden space 344576K, 9% used [0x00000000d5c00000,0x00000000d7be0228,0x00000000eac80000)
  from space 49664K, 91% used [0x00000000ee300000,0x00000000f0f6bf58,0x00000000f1380000)
  to   space 55808K, 0% used [0x00000000eac80000,0x00000000eac80000,0x00000000ee300000)
 ParOldGen       total 252928K, used 64956K [0x0000000081400000, 0x0000000090b00000, 0x00000000d5c00000)
  object space 252928K, 25% used [0x0000000081400000,0x000000008536f0d8,0x0000000090b00000)
 Metaspace       used 161766K, capacity 163578K, committed 164224K, reserved 1189888K
  class space    used 22326K, capacity 22863K, committed 22912K, reserved 1048576K
Event: 131.834 GC heap after
Heap after GC invocations=23 (full 4):
 PSYoungGen      total 400384K, used 32641K [0x00000000d5c00000, 0x00000000f5e00000, 0x0000000100000000)
  eden space 344576K, 0% used [0x00000000d5c00000,0x00000000d5c00000,0x00000000eac80000)
  from space 55808K, 58% used [0x00000000eac80000,0x00000000ecc605d8,0x00000000ee300000)
  to   space 55808K, 0% used [0x00000000f2780000,0x00000000f2780000,0x00000000f5e00000)
 ParOldGen       total 252928K, used 64964K [0x0000000081400000, 0x0000000090b00000, 0x00000000d5c00000)
  object space 252928K, 25% used [0x0000000081400000,0x00000000853710d8,0x0000000090b00000)
 Metaspace       used 161766K, capacity 163578K, committed 164224K, reserved 1189888K
  class space    used 22326K, capacity 22863K, committed 22912K, reserved 1048576K
}
Event: 131.834 GC heap before
{Heap before GC invocations=24 (full 5):
 PSYoungGen      total 400384K, used 32641K [0x00000000d5c00000, 0x00000000f5e00000, 0x0000000100000000)
  eden space 344576K, 0% used [0x00000000d5c00000,0x00000000d5c00000,0x00000000eac80000)
  from space 55808K, 58% used [0x00000000eac80000,0x00000000ecc605d8,0x00000000ee300000)
  to   space 55808K, 0% used [0x00000000f2780000,0x00000000f2780000,0x00000000f5e00000)
 ParOldGen       total 252928K, used 64964K [0x0000000081400000, 0x0000000090b00000, 0x00000000d5c00000)
  object space 252928K, 25% used [0x0000000081400000,0x00000000853710d8,0x0000000090b00000)
 Metaspace       used 161766K, capacity 163578K, committed 164224K, reserved 1189888K
  class space    used 22326K, capacity 22863K, committed 22912K, reserved 1048576K
Event: 135.032 GC heap after
Heap after GC invocations=24 (full 5):
 PSYoungGen      total 400384K, used 0K [0x00000000d5c00000, 0x00000000f5e00000, 0x0000000100000000)
  eden space 344576K, 0% used [0x00000000d5c00000,0x00000000d5c00000,0x00000000eac80000)
  from space 55808K, 0% used [0x00000000eac80000,0x00000000eac80000,0x00000000ee300000)
  to   space 55808K, 0% used [0x00000000f2780000,0x00000000f2780000,0x00000000f5e00000)
 ParOldGen       total 308224K, used 84287K [0x0000000081400000, 0x0000000094100000, 0x00000000d5c00000)
  object space 308224K, 27% used [0x0000000081400000,0x000000008664fcd0,0x0000000094100000)
 Metaspace       used 161744K, capacity 163528K, committed 164224K, reserved 1189888K
  class space    used 22318K, capacity 22850K, committed 22912K, reserved 1048576K
}
Event: 145.661 GC heap before
{Heap before GC invocations=25 (full 5):
 PSYoungGen      total 400384K, used 344576K [0x00000000d5c00000, 0x00000000f5e00000, 0x0000000100000000)
  eden space 344576K, 100% used [0x00000000d5c00000,0x00000000eac80000,0x00000000eac80000)
  from space 55808K, 0% used [0x00000000eac80000,0x00000000eac80000,0x00000000ee300000)
  to   space 55808K, 0% used [0x00000000f2780000,0x00000000f2780000,0x00000000f5e00000)
 ParOldGen       total 308224K, used 84287K [0x0000000081400000, 0x0000000094100000, 0x00000000d5c00000)
  object space 308224K, 27% used [0x0000000081400000,0x000000008664fcd0,0x0000000094100000)
 Metaspace       used 183717K, capacity 185836K, committed 186752K, reserved 1210368K
  class space    used 25351K, capacity 25914K, committed 25984K, reserved 1048576K
Event: 145.741 GC heap after
Heap after GC invocations=25 (full 5):
 PSYoungGen      total 443904K, used 33019K [0x00000000d5c00000, 0x00000000f5100000, 0x0000000100000000)
  eden space 401408K, 0% used [0x00000000d5c00000,0x00000000d5c00000,0x00000000ee400000)
  from space 42496K, 77% used [0x00000000f2780000,0x00000000f47bed48,0x00000000f5100000)
  to   space 55808K, 0% used [0x00000000ee400000,0x00000000ee400000,0x00000000f1a80000)
 ParOldGen       total 308224K, used 84287K [0x0000000081400000, 0x0000000094100000, 0x00000000d5c00000)
  object space 308224K, 27% used [0x0000000081400000,0x000000008664fcd0,0x0000000094100000)
 Metaspace       used 183717K, capacity 185836K, committed 186752K, reserved 1210368K
  class space    used 25351K, capacity 25914K, committed 25984K, reserved 1048576K
}
Event: 161.221 GC heap before
{Heap before GC invocations=26 (full 5):
 PSYoungGen      total 443904K, used 434427K [0x00000000d5c00000, 0x00000000f5100000, 0x0000000100000000)
  eden space 401408K, 100% used [0x00000000d5c00000,0x00000000ee400000,0x00000000ee400000)
  from space 42496K, 77% used [0x00000000f2780000,0x00000000f47bed48,0x00000000f5100000)
  to   space 55808K, 0% used [0x00000000ee400000,0x00000000ee400000,0x00000000f1a80000)
 ParOldGen       total 308224K, used 84287K [0x0000000081400000, 0x0000000094100000, 0x00000000d5c00000)
  object space 308224K, 27% used [0x0000000081400000,0x000000008664fcd0,0x0000000094100000)
 Metaspace       used 206953K, capacity 209220K, committed 210048K, reserved 1230848K
  class space    used 28663K, capacity 29291K, committed 29312K, reserved 1048576K
Event: 161.314 GC heap after
Heap after GC invocations=26 (full 5):
 PSYoungGen      total 457216K, used 43790K [0x00000000d5c00000, 0x00000000f5100000, 0x0000000100000000)
  eden space 401408K, 0% used [0x00000000d5c00000,0x00000000d5c00000,0x00000000ee400000)
  from space 55808K, 78% used [0x00000000ee400000,0x00000000f0ec3b60,0x00000000f1a80000)
  to   space 42496K, 0% used [0x00000000f2780000,0x00000000f2780000,0x00000000f5100000)
 ParOldGen       total 308224K, used 84359K [0x0000000081400000, 0x0000000094100000, 0x00000000d5c00000)
  object space 308224K, 27% used [0x0000000081400000,0x0000000086661ce0,0x0000000094100000)
 Metaspace       used 206953K, capacity 209220K, committed 210048K, reserved 1230848K
  class space    used 28663K, capacity 29291K, committed 29312K, reserved 1048576K
}

